<?xml version="1.0" encoding="UTF-8"?>
<!-- Generated by org.testng.reporters.JUnitReportReporter -->
<testsuite hostname="DESKTOP-7MK4EF7" failures="0" tests="32" name="approval.ApprovalcountInternal" time="7483.435" errors="1" timestamp="2023-08-24T22:10:32 IST" skipped="0">
  <testcase classname="approval.ApprovalcountInternal" name="Entities" time="99.892"/>
  <system-out/>
  <testcase classname="approval.ApprovalcountInternal" name="clickCategoriesInternal" time="72.930"/>
  <system-out/>
  <testcase classname="approval.ApprovalcountInternal" name="ClickCompliancesInternal" time="105.517">
    <error message="element click intercepted: Element &lt;button type=&quot;button&quot; class=&quot;close&quot; data-dismiss=&quot;modal&quot; style=&quot;margin-top: -5px;&quot; aria-hidden=&quot;true&quot;&gt;...&lt;/button&gt; is not clickable at point (1315, 3). Other element would receive the click: &lt;div class=&quot;modal-body&quot; style=&quot;width: 100%&quot;&gt;...&lt;/div&gt;
  (Session info: chrome=116.0.5845.98)
Build info: version: &#039;3.141.0&#039;, revision: &#039;2ecb7d9a&#039;, time: &#039;2018-10-31T20:09:30&#039;
System info: host: &#039;DESKTOP-7MK4EF7&#039;, ip: &#039;192.168.1.4&#039;, os.name: &#039;Windows 10&#039;, os.arch: &#039;amd64&#039;, os.version: &#039;10.0&#039;, java.version: &#039;17.0.5&#039;
Driver info: org.openqa.selenium.chrome.ChromeDriver
Capabilities {acceptInsecureCerts: false, browserName: chrome, browserVersion: 116.0.5845.98, chrome: {chromedriverVersion: 116.0.5845.96 (1a3918166880..., userDataDir: C:\Users\Mayuri\AppData\Loc...}, fedcm:accounts: true, goog:chromeOptions: {debuggerAddress: localhost:60054}, javascriptEnabled: true, networkConnectionEnabled: false, pageLoadStrategy: normal, platform: WINDOWS, platformName: WINDOWS, proxy: Proxy(), setWindowRect: true, strictFileInteractability: false, timeouts: {implicit: 0, pageLoad: 300000, script: 30000}, unhandledPromptBehavior: dismiss and notify, webauthn:extension:credBlob: true, webauthn:extension:largeBlob: true, webauthn:extension:minPinLength: true, webauthn:extension:prf: true, webauthn:virtualAuthenticators: true}
Session ID: a96ba9f0179829b7c6a1dad65b08ff88" type="org.openqa.selenium.ElementClickInterceptedException">
      <![CDATA[org.openqa.selenium.ElementClickInterceptedException: element click intercepted: Element <button type="button" class="close" data-dismiss="modal" style="margin-top: -5px;" aria-hidden="true">...</button> is not clickable at point (1315, 3). Other element would receive the click: <div class="modal-body" style="width: 100%">...</div>
  (Session info: chrome=116.0.5845.98)
Build info: version: '3.141.0', revision: '2ecb7d9a', time: '2018-10-31T20:09:30'
System info: host: 'DESKTOP-7MK4EF7', ip: '192.168.1.4', os.name: 'Windows 10', os.arch: 'amd64', os.version: '10.0', java.version: '17.0.5'
Driver info: org.openqa.selenium.chrome.ChromeDriver
Capabilities {acceptInsecureCerts: false, browserName: chrome, browserVersion: 116.0.5845.98, chrome: {chromedriverVersion: 116.0.5845.96 (1a3918166880..., userDataDir: C:\Users\Mayuri\AppData\Loc...}, fedcm:accounts: true, goog:chromeOptions: {debuggerAddress: localhost:60054}, javascriptEnabled: true, networkConnectionEnabled: false, pageLoadStrategy: normal, platform: WINDOWS, platformName: WINDOWS, proxy: Proxy(), setWindowRect: true, strictFileInteractability: false, timeouts: {implicit: 0, pageLoad: 300000, script: 30000}, unhandledPromptBehavior: dismiss and notify, webauthn:extension:credBlob: true, webauthn:extension:largeBlob: true, webauthn:extension:minPinLength: true, webauthn:extension:prf: true, webauthn:virtualAuthenticators: true}
Session ID: a96ba9f0179829b7c6a1dad65b08ff88
at java.base/jdk.internal.reflect.NativeConstructorAccessorImpl.newInstance0(Native Method)
at java.base/jdk.internal.reflect.NativeConstructorAccessorImpl.newInstance(NativeConstructorAccessorImpl.java:77)
at java.base/jdk.internal.reflect.DelegatingConstructorAccessorImpl.newInstance(DelegatingConstructorAccessorImpl.java:45)
at java.base/java.lang.reflect.Constructor.newInstanceWithCaller(Constructor.java:499)
at java.base/java.lang.reflect.Constructor.newInstance(Constructor.java:480)
at org.openqa.selenium.remote.http.W3CHttpResponseCodec.createException(W3CHttpResponseCodec.java:187)
at org.openqa.selenium.remote.http.W3CHttpResponseCodec.decode(W3CHttpResponseCodec.java:122)
at org.openqa.selenium.remote.http.W3CHttpResponseCodec.decode(W3CHttpResponseCodec.java:49)
at org.openqa.selenium.remote.HttpCommandExecutor.execute(HttpCommandExecutor.java:158)
at org.openqa.selenium.remote.service.DriverCommandExecutor.execute(DriverCommandExecutor.java:83)
at org.openqa.selenium.remote.RemoteWebDriver.execute(RemoteWebDriver.java:552)
at org.openqa.selenium.remote.RemoteWebElement.execute(RemoteWebElement.java:285)
at org.openqa.selenium.remote.RemoteWebElement.click(RemoteWebElement.java:84)
at approval.ApprovalcountInternal.ClickCompliancesInternal(ApprovalcountInternal.java:421)
at java.base/jdk.internal.reflect.NativeMethodAccessorImpl.invoke0(Native Method)
at java.base/jdk.internal.reflect.NativeMethodAccessorImpl.invoke(NativeMethodAccessorImpl.java:77)
at java.base/jdk.internal.reflect.DelegatingMethodAccessorImpl.invoke(DelegatingMethodAccessorImpl.java:43)
at java.base/java.lang.reflect.Method.invoke(Method.java:568)
at org.testng.internal.MethodInvocationHelper.invokeMethod(MethodInvocationHelper.java:133)
at org.testng.internal.TestInvoker.invokeMethod(TestInvoker.java:598)
at org.testng.internal.TestInvoker.invokeTestMethod(TestInvoker.java:173)
at org.testng.internal.MethodRunner.runInSequence(MethodRunner.java:46)
at org.testng.internal.TestInvoker$MethodInvocationAgent.invoke(TestInvoker.java:824)
at org.testng.internal.TestInvoker.invokeTestMethods(TestInvoker.java:146)
at org.testng.internal.TestMethodWorker.invokeTestMethods(TestMethodWorker.java:146)
at org.testng.internal.TestMethodWorker.run(TestMethodWorker.java:128)
at java.base/java.util.ArrayList.forEach(ArrayList.java:1511)
at org.testng.TestRunner.privateRun(TestRunner.java:794)
at org.testng.TestRunner.run(TestRunner.java:596)
at org.testng.SuiteRunner.runTest(SuiteRunner.java:377)
at org.testng.SuiteRunner.runSequentially(SuiteRunner.java:371)
at org.testng.SuiteRunner.privateRun(SuiteRunner.java:332)
at org.testng.SuiteRunner.run(SuiteRunner.java:276)
at org.testng.SuiteRunnerWorker.runSuite(SuiteRunnerWorker.java:53)
at org.testng.SuiteRunnerWorker.run(SuiteRunnerWorker.java:96)
at org.testng.TestNG.runSuitesSequentially(TestNG.java:1212)
at org.testng.TestNG.runSuitesLocally(TestNG.java:1134)
at org.testng.TestNG.runSuites(TestNG.java:1063)
at org.testng.TestNG.run(TestNG.java:1031)
at org.testng.remote.AbstractRemoteTestNG.run(AbstractRemoteTestNG.java:115)
at org.testng.remote.RemoteTestNG.initAndRun(RemoteTestNG.java:251)
at org.testng.remote.RemoteTestNG.main(RemoteTestNG.java:77)
]]>
    </error>
  </testcase> <!-- ClickCompliancesInternal -->
  <system-out/>
  <testcase classname="approval.ApprovalcountInternal" name="clickUsersInternal" time="107.545"/>
  <system-out/>
  <testcase classname="approval.ApprovalcountInternal" name="SummaryofOverdueCompliances" time="137.118"/>
  <system-out/>
  <testcase classname="approval.ApprovalcountInternal" name="NotCompletedPFR_PieChart" time="317.104"/>
  <system-out/>
  <testcase classname="approval.ApprovalcountInternal" name="NotCompleted_PieChart" time="287.053"/>
  <system-out/>
  <testcase classname="approval.ApprovalcountInternal" name="ClosedTimely_PieChart" time="346.434"/>
  <system-out/>
  <testcase classname="approval.ApprovalcountInternal" name="ClosedDelayed_PieChart" time="346.480"/>
  <system-out/>
  <testcase classname="approval.ApprovalcountInternal" name="NotApplicable_PieChartInternal" time="257.067"/>
  <system-out/>
  <testcase classname="approval.ApprovalcountInternal" name="Overdue_PieChartInternal" time="287.464"/>
  <system-out/>
  <testcase classname="approval.ApprovalcountInternal" name="dueToday_PieChartInternal" time="95.623"/>
  <system-out/>
  <testcase classname="approval.ApprovalcountInternal" name="PFR_PieChartInternal" time="242.867"/>
  <system-out/>
  <testcase classname="approval.ApprovalcountInternal" name="inProgress_PieChartInternal" time="255.207"/>
  <system-out/>
  <testcase classname="approval.ApprovalcountInternal" name="Rejected_PieChartInternal" time="196.708"/>
  <system-out/>
  <testcase classname="approval.ApprovalcountInternal" name="RiskSummaryCriticalInternal" time="280.360"/>
  <system-out/>
  <testcase classname="approval.ApprovalcountInternal" name="RiskSummaryHighInternal" time="271.663"/>
  <system-out/>
  <testcase classname="approval.ApprovalcountInternal" name="RiskSummaryMediumStatutory" time="273.878"/>
  <system-out/>
  <testcase classname="approval.ApprovalcountInternal" name="RiskSummaryLowStatutory" time="284.491"/>
  <system-out/>
  <testcase classname="approval.ApprovalcountInternal" name="DepartmentSummaryInternal" time="229.985"/>
  <system-out/>
  <testcase classname="approval.ApprovalcountInternal" name="ClosedTimely_PieChartPeriod" time="379.641"/>
  <system-out/>
  <testcase classname="approval.ApprovalcountInternal" name="ClosedDelayed_PieChartPeriod" time="377.219"/>
  <system-out/>
  <testcase classname="approval.ApprovalcountInternal" name="NotCompleted_PieChartPeriod" time="332.377"/>
  <system-out/>
  <testcase classname="approval.ApprovalcountInternal" name="NotApplicable_PieChartPeriod" time="276.773"/>
  <system-out/>
  <testcase classname="approval.ApprovalcountInternal" name="Overdue_PieChartInternalPeriod" time="316.643"/>
  <system-out/>
  <testcase classname="approval.ApprovalcountInternal" name="PFR_PieChartInternalPeriod" time="317.614"/>
  <system-out/>
  <testcase classname="approval.ApprovalcountInternal" name="InProgress_PieChartInternalPeriod" time="248.511"/>
  <system-out/>
  <testcase classname="approval.ApprovalcountInternal" name="Rejected_PieChartInternalPeriod" time="292.088"/>
  <system-out/>
  <testcase classname="approval.ApprovalcountInternal" name="GradingReportInternal" time="69.872"/>
  <system-out/>
  <testcase classname="approval.ApprovalcountInternal" name="complianceCalendar" time="152.913"/>
  <system-out/>
  <testcase classname="approval.ApprovalcountInternal" name="DailyUpdates" time="122.905"/>
  <system-out/>
  <testcase classname="approval.ApprovalcountInternal" name="NewsLetter" time="101.493"/>
  <system-out/>
</testsuite> <!-- approval.ApprovalcountInternal -->
