<?xml version="1.0" encoding="UTF-8"?>
<!-- Generated by org.testng.reporters.JUnitReportReporter -->
<testsuite hostname="TRPL-PUN-0115" failures="0" tests="48" name="cfo.CFOcountInternal" time="693.608" errors="2" timestamp="2024-07-11T17:48:35 IST" skipped="42">
  <testcase classname="cfo.CFOcountInternal" name="Login" time="98.475">
    <error message="no such element: Unable to locate element: {&quot;method&quot;:&quot;xpath&quot;,&quot;selector&quot;:&quot;//input[@placeholder=&#039;Username&#039;]&quot;}
  (Session info: chrome=126.0.6478.127)
For documentation on this error, please visit: http://seleniumhq.org/exceptions/no_such_element.html
Build info: version: &#039;3.141.0&#039;, revision: &#039;2ecb7d9a&#039;, time: &#039;2018-10-31T20:09:30&#039;
System info: host: &#039;TRPL-PUN-0115&#039;, ip: &#039;172.24.48.1&#039;, os.name: &#039;Windows 10&#039;, os.arch: &#039;amd64&#039;, os.version: &#039;10.0&#039;, java.version: &#039;20&#039;
Driver info: org.openqa.selenium.chrome.ChromeDriver
Capabilities {acceptInsecureCerts: false, browserName: chrome, browserVersion: 126.0.6478.127, chrome: {chromedriverVersion: 125.0.6422.78 (14db42ec38ad..., userDataDir: C:\Users\snehalp\AppData\Lo...}, fedcm:accounts: true, goog:chromeOptions: {debuggerAddress: localhost:59836}, javascriptEnabled: true, networkConnectionEnabled: false, pageLoadStrategy: normal, platform: WINDOWS, platformName: WINDOWS, proxy: Proxy(), setWindowRect: true, strictFileInteractability: false, timeouts: {implicit: 0, pageLoad: 300000, script: 30000}, unhandledPromptBehavior: dismiss and notify, webauthn:extension:credBlob: true, webauthn:extension:largeBlob: true, webauthn:extension:minPinLength: true, webauthn:extension:prf: true, webauthn:virtualAuthenticators: true}
Session ID: af29b3a9546b00c7cd3c4419fe267838
*** Element info: {Using=xpath, value=//input[@placeholder=&#039;Username&#039;]}" type="org.openqa.selenium.NoSuchElementException">
      <![CDATA[org.openqa.selenium.NoSuchElementException: no such element: Unable to locate element: {"method":"xpath","selector":"//input[@placeholder='Username']"}
  (Session info: chrome=126.0.6478.127)
For documentation on this error, please visit: http://seleniumhq.org/exceptions/no_such_element.html
Build info: version: '3.141.0', revision: '2ecb7d9a', time: '2018-10-31T20:09:30'
System info: host: 'TRPL-PUN-0115', ip: '172.24.48.1', os.name: 'Windows 10', os.arch: 'amd64', os.version: '10.0', java.version: '20'
Driver info: org.openqa.selenium.chrome.ChromeDriver
Capabilities {acceptInsecureCerts: false, browserName: chrome, browserVersion: 126.0.6478.127, chrome: {chromedriverVersion: 125.0.6422.78 (14db42ec38ad..., userDataDir: C:\Users\snehalp\AppData\Lo...}, fedcm:accounts: true, goog:chromeOptions: {debuggerAddress: localhost:59836}, javascriptEnabled: true, networkConnectionEnabled: false, pageLoadStrategy: normal, platform: WINDOWS, platformName: WINDOWS, proxy: Proxy(), setWindowRect: true, strictFileInteractability: false, timeouts: {implicit: 0, pageLoad: 300000, script: 30000}, unhandledPromptBehavior: dismiss and notify, webauthn:extension:credBlob: true, webauthn:extension:largeBlob: true, webauthn:extension:minPinLength: true, webauthn:extension:prf: true, webauthn:virtualAuthenticators: true}
Session ID: af29b3a9546b00c7cd3c4419fe267838
*** Element info: {Using=xpath, value=//input[@placeholder='Username']}
at java.base/jdk.internal.reflect.DirectConstructorHandleAccessor.newInstance(DirectConstructorHandleAccessor.java:67)
at java.base/java.lang.reflect.Constructor.newInstanceWithCaller(Constructor.java:500)
at java.base/java.lang.reflect.Constructor.newInstance(Constructor.java:484)
at org.openqa.selenium.remote.http.W3CHttpResponseCodec.createException(W3CHttpResponseCodec.java:187)
at org.openqa.selenium.remote.http.W3CHttpResponseCodec.decode(W3CHttpResponseCodec.java:122)
at org.openqa.selenium.remote.http.W3CHttpResponseCodec.decode(W3CHttpResponseCodec.java:49)
at org.openqa.selenium.remote.HttpCommandExecutor.execute(HttpCommandExecutor.java:158)
at org.openqa.selenium.remote.service.DriverCommandExecutor.execute(DriverCommandExecutor.java:83)
at org.openqa.selenium.remote.RemoteWebDriver.execute(RemoteWebDriver.java:552)
at org.openqa.selenium.remote.RemoteWebDriver.findElement(RemoteWebDriver.java:323)
at org.openqa.selenium.remote.RemoteWebDriver.findElementByXPath(RemoteWebDriver.java:428)
at org.openqa.selenium.By$ByXPath.findElement(By.java:353)
at org.openqa.selenium.remote.RemoteWebDriver.findElement(RemoteWebDriver.java:315)
at login.LoginPOM.setUname(LoginPOM.java:22)
at login.Login.UserLogin(Login.java:95)
at login.BasePage.initialization(BasePage.java:208)
at cfo.CFOcountInternal.Login(CFOcountInternal.java:91)
at java.base/jdk.internal.reflect.DirectMethodHandleAccessor.invoke(DirectMethodHandleAccessor.java:104)
at java.base/java.lang.reflect.Method.invoke(Method.java:578)
at org.testng.internal.MethodInvocationHelper.invokeMethod(MethodInvocationHelper.java:133)
at org.testng.internal.MethodInvocationHelper.invokeMethodConsideringTimeout(MethodInvocationHelper.java:62)
at org.testng.internal.ConfigInvoker.invokeConfigurationMethod(ConfigInvoker.java:385)
at org.testng.internal.ConfigInvoker.invokeConfigurations(ConfigInvoker.java:321)
at org.testng.internal.TestInvoker.runConfigMethods(TestInvoker.java:700)
at org.testng.internal.TestInvoker.invokeMethod(TestInvoker.java:527)
at org.testng.internal.TestInvoker.invokeTestMethod(TestInvoker.java:173)
at org.testng.internal.MethodRunner.runInSequence(MethodRunner.java:46)
at org.testng.internal.TestInvoker$MethodInvocationAgent.invoke(TestInvoker.java:824)
at org.testng.internal.TestInvoker.invokeTestMethods(TestInvoker.java:146)
at org.testng.internal.TestMethodWorker.invokeTestMethods(TestMethodWorker.java:146)
at org.testng.internal.TestMethodWorker.run(TestMethodWorker.java:128)
at java.base/java.util.ArrayList.forEach(ArrayList.java:1511)
at org.testng.TestRunner.privateRun(TestRunner.java:794)
at org.testng.TestRunner.run(TestRunner.java:596)
at org.testng.SuiteRunner.runTest(SuiteRunner.java:377)
at org.testng.SuiteRunner.runSequentially(SuiteRunner.java:371)
at org.testng.SuiteRunner.privateRun(SuiteRunner.java:332)
at org.testng.SuiteRunner.run(SuiteRunner.java:276)
at org.testng.SuiteRunnerWorker.runSuite(SuiteRunnerWorker.java:53)
at org.testng.SuiteRunnerWorker.run(SuiteRunnerWorker.java:96)
at org.testng.TestNG.runSuitesSequentially(TestNG.java:1212)
at org.testng.TestNG.runSuitesLocally(TestNG.java:1134)
at org.testng.TestNG.runSuites(TestNG.java:1063)
at org.testng.TestNG.run(TestNG.java:1031)
at org.testng.remote.AbstractRemoteTestNG.run(AbstractRemoteTestNG.java:115)
at org.testng.remote.RemoteTestNG.initAndRun(RemoteTestNG.java:251)
at org.testng.remote.RemoteTestNG.main(RemoteTestNG.java:77)
]]>
    </error>
  </testcase> <!-- Login -->
  <system-out/>
  <testcase classname="cfo.CFOcountInternal" name="Entities" time="131.586"/>
  <system-out/>
  <testcase classname="cfo.CFOcountInternal" name="LocationCount" time="94.913"/>
  <system-out/>
  <testcase classname="cfo.CFOcountInternal" name="clickCategoriesInternal" time="156.634"/>
  <system-out/>
  <testcase classname="cfo.CFOcountInternal" name="FilterWiseCategoriesCountMatch" time="167.093">
    <error message="no such element: Unable to locate element: {&quot;method&quot;:&quot;xpath&quot;,&quot;selector&quot;:&quot;(//*[@class=&#039;k-checkbox-label checkbox-span&#039;])[2]&quot;}
  (Session info: chrome=126.0.6478.127)
For documentation on this error, please visit: http://seleniumhq.org/exceptions/no_such_element.html
Build info: version: &#039;3.141.0&#039;, revision: &#039;2ecb7d9a&#039;, time: &#039;2018-10-31T20:09:30&#039;
System info: host: &#039;TRPL-PUN-0115&#039;, ip: &#039;172.24.48.1&#039;, os.name: &#039;Windows 10&#039;, os.arch: &#039;amd64&#039;, os.version: &#039;10.0&#039;, java.version: &#039;20&#039;
Driver info: org.openqa.selenium.chrome.ChromeDriver
Capabilities {acceptInsecureCerts: false, browserName: chrome, browserVersion: 126.0.6478.127, chrome: {chromedriverVersion: 125.0.6422.78 (14db42ec38ad..., userDataDir: C:\Users\snehalp\AppData\Lo...}, fedcm:accounts: true, goog:chromeOptions: {debuggerAddress: localhost:59732}, javascriptEnabled: true, networkConnectionEnabled: false, pageLoadStrategy: normal, platform: WINDOWS, platformName: WINDOWS, proxy: Proxy(), setWindowRect: true, strictFileInteractability: false, timeouts: {implicit: 0, pageLoad: 300000, script: 30000}, unhandledPromptBehavior: dismiss and notify, webauthn:extension:credBlob: true, webauthn:extension:largeBlob: true, webauthn:extension:minPinLength: true, webauthn:extension:prf: true, webauthn:virtualAuthenticators: true}
Session ID: 2276b84ac0c434eab30cd0b5c1916537
*** Element info: {Using=xpath, value=(//*[@class=&#039;k-checkbox-label checkbox-span&#039;])[2]}" type="org.openqa.selenium.NoSuchElementException">
      <![CDATA[org.openqa.selenium.NoSuchElementException: no such element: Unable to locate element: {"method":"xpath","selector":"(//*[@class='k-checkbox-label checkbox-span'])[2]"}
  (Session info: chrome=126.0.6478.127)
For documentation on this error, please visit: http://seleniumhq.org/exceptions/no_such_element.html
Build info: version: '3.141.0', revision: '2ecb7d9a', time: '2018-10-31T20:09:30'
System info: host: 'TRPL-PUN-0115', ip: '172.24.48.1', os.name: 'Windows 10', os.arch: 'amd64', os.version: '10.0', java.version: '20'
Driver info: org.openqa.selenium.chrome.ChromeDriver
Capabilities {acceptInsecureCerts: false, browserName: chrome, browserVersion: 126.0.6478.127, chrome: {chromedriverVersion: 125.0.6422.78 (14db42ec38ad..., userDataDir: C:\Users\snehalp\AppData\Lo...}, fedcm:accounts: true, goog:chromeOptions: {debuggerAddress: localhost:59732}, javascriptEnabled: true, networkConnectionEnabled: false, pageLoadStrategy: normal, platform: WINDOWS, platformName: WINDOWS, proxy: Proxy(), setWindowRect: true, strictFileInteractability: false, timeouts: {implicit: 0, pageLoad: 300000, script: 30000}, unhandledPromptBehavior: dismiss and notify, webauthn:extension:credBlob: true, webauthn:extension:largeBlob: true, webauthn:extension:minPinLength: true, webauthn:extension:prf: true, webauthn:virtualAuthenticators: true}
Session ID: 2276b84ac0c434eab30cd0b5c1916537
*** Element info: {Using=xpath, value=(//*[@class='k-checkbox-label checkbox-span'])[2]}
at java.base/jdk.internal.reflect.DirectConstructorHandleAccessor.newInstance(DirectConstructorHandleAccessor.java:67)
at java.base/java.lang.reflect.Constructor.newInstanceWithCaller(Constructor.java:500)
at java.base/java.lang.reflect.Constructor.newInstance(Constructor.java:484)
at org.openqa.selenium.remote.http.W3CHttpResponseCodec.createException(W3CHttpResponseCodec.java:187)
at org.openqa.selenium.remote.http.W3CHttpResponseCodec.decode(W3CHttpResponseCodec.java:122)
at org.openqa.selenium.remote.http.W3CHttpResponseCodec.decode(W3CHttpResponseCodec.java:49)
at org.openqa.selenium.remote.HttpCommandExecutor.execute(HttpCommandExecutor.java:158)
at org.openqa.selenium.remote.service.DriverCommandExecutor.execute(DriverCommandExecutor.java:83)
at org.openqa.selenium.remote.RemoteWebDriver.execute(RemoteWebDriver.java:552)
at org.openqa.selenium.remote.RemoteWebDriver.findElement(RemoteWebDriver.java:323)
at org.openqa.selenium.remote.RemoteWebDriver.findElementByXPath(RemoteWebDriver.java:428)
at org.openqa.selenium.By$ByXPath.findElement(By.java:353)
at org.openqa.selenium.remote.RemoteWebDriver.findElement(RemoteWebDriver.java:315)
at approval.ApprovalcountPOM.Commercial(ApprovalcountPOM.java:85)
at cfo.CFOcountInternal.FilterWiseCategoriesCountMatch(CFOcountInternal.java:325)
at java.base/jdk.internal.reflect.DirectMethodHandleAccessor.invoke(DirectMethodHandleAccessor.java:104)
at java.base/java.lang.reflect.Method.invoke(Method.java:578)
at org.testng.internal.MethodInvocationHelper.invokeMethod(MethodInvocationHelper.java:133)
at org.testng.internal.TestInvoker.invokeMethod(TestInvoker.java:598)
at org.testng.internal.TestInvoker.invokeTestMethod(TestInvoker.java:173)
at org.testng.internal.MethodRunner.runInSequence(MethodRunner.java:46)
at org.testng.internal.TestInvoker$MethodInvocationAgent.invoke(TestInvoker.java:824)
at org.testng.internal.TestInvoker.invokeTestMethods(TestInvoker.java:146)
at org.testng.internal.TestMethodWorker.invokeTestMethods(TestMethodWorker.java:146)
at org.testng.internal.TestMethodWorker.run(TestMethodWorker.java:128)
at java.base/java.util.ArrayList.forEach(ArrayList.java:1511)
at org.testng.TestRunner.privateRun(TestRunner.java:794)
at org.testng.TestRunner.run(TestRunner.java:596)
at org.testng.SuiteRunner.runTest(SuiteRunner.java:377)
at org.testng.SuiteRunner.runSequentially(SuiteRunner.java:371)
at org.testng.SuiteRunner.privateRun(SuiteRunner.java:332)
at org.testng.SuiteRunner.run(SuiteRunner.java:276)
at org.testng.SuiteRunnerWorker.runSuite(SuiteRunnerWorker.java:53)
at org.testng.SuiteRunnerWorker.run(SuiteRunnerWorker.java:96)
at org.testng.TestNG.runSuitesSequentially(TestNG.java:1212)
at org.testng.TestNG.runSuitesLocally(TestNG.java:1134)
at org.testng.TestNG.runSuites(TestNG.java:1063)
at org.testng.TestNG.run(TestNG.java:1031)
at org.testng.remote.AbstractRemoteTestNG.run(AbstractRemoteTestNG.java:115)
at org.testng.remote.RemoteTestNG.initAndRun(RemoteTestNG.java:251)
at org.testng.remote.RemoteTestNG.main(RemoteTestNG.java:77)
]]>
    </error>
  </testcase> <!-- FilterWiseCategoriesCountMatch -->
  <system-out/>
  <testcase classname="cfo.CFOcountInternal" name="ClickCompliancesInternal" time="44.904"/>
  <system-out/>
  <testcase classname="cfo.CFOcountInternal" name="clickUsersInternal" time="0.000">
    <skipped/>
  </testcase> <!-- clickUsersInternal -->
  <system-out/>
  <testcase classname="cfo.CFOcountInternal" name="SummaryofOverdueCompliances" time="0.000">
    <skipped/>
  </testcase> <!-- SummaryofOverdueCompliances -->
  <system-out/>
  <testcase classname="cfo.CFOcountInternal" name="CompletionStatusFilterMgmtPe" time="0.000">
    <skipped/>
  </testcase> <!-- CompletionStatusFilterMgmtPe -->
  <system-out/>
  <testcase classname="cfo.CFOcountInternal" name="ClosedTimely_PieChart" time="0.000">
    <skipped/>
  </testcase> <!-- ClosedTimely_PieChart -->
  <system-out/>
  <testcase classname="cfo.CFOcountInternal" name="CompletionStatusFilter" time="0.000">
    <skipped/>
  </testcase> <!-- CompletionStatusFilter -->
  <system-out/>
  <testcase classname="cfo.CFOcountInternal" name="NotCompletionStatusFilterMgmt" time="0.000">
    <skipped/>
  </testcase> <!-- NotCompletionStatusFilterMgmt -->
  <system-out/>
  <testcase classname="cfo.CFOcountInternal" name="ClosedDelayed_PieChart" time="0.000">
    <skipped/>
  </testcase> <!-- ClosedDelayed_PieChart -->
  <system-out/>
  <testcase classname="cfo.CFOcountInternal" name="UpcomingFilterMgmtIn" time="0.000">
    <skipped/>
  </testcase> <!-- UpcomingFilterMgmtIn -->
  <system-out/>
  <testcase classname="cfo.CFOcountInternal" name="Shortreport" time="0.000">
    <skipped/>
  </testcase> <!-- Shortreport -->
  <system-out/>
  <testcase classname="cfo.CFOcountInternal" name="NotCompletionStatusFilterMgmtPe" time="0.000">
    <skipped/>
  </testcase> <!-- NotCompletionStatusFilterMgmtPe -->
  <system-out/>
  <testcase classname="cfo.CFOcountInternal" name="NotCompleted_PieChart" time="0.000">
    <skipped/>
  </testcase> <!-- NotCompleted_PieChart -->
  <system-out/>
  <testcase classname="cfo.CFOcountInternal" name="NotApplicable_PieChartIN" time="0.000">
    <skipped/>
  </testcase> <!-- NotApplicable_PieChartIN -->
  <system-out/>
  <testcase classname="cfo.CFOcountInternal" name="Overdue_PieChartInternal" time="0.000">
    <skipped/>
  </testcase> <!-- Overdue_PieChartInternal -->
  <system-out/>
  <testcase classname="cfo.CFOcountInternal" name="dueToday_PieChartInternal" time="0.000">
    <skipped/>
  </testcase> <!-- dueToday_PieChartInternal -->
  <system-out/>
  <testcase classname="cfo.CFOcountInternal" name="PFR_PieChartInternal" time="0.000">
    <skipped/>
  </testcase> <!-- PFR_PieChartInternal -->
  <system-out/>
  <testcase classname="cfo.CFOcountInternal" name="RiskSummaryFilterM" time="0.000">
    <skipped/>
  </testcase> <!-- RiskSummaryFilterM -->
  <system-out/>
  <testcase classname="cfo.CFOcountInternal" name="inProgress_PieChartInternal" time="0.000">
    <skipped/>
  </testcase> <!-- inProgress_PieChartInternal -->
  <system-out/>
  <testcase classname="cfo.CFOcountInternal" name="DeptSummaryFilterM" time="0.000">
    <skipped/>
  </testcase> <!-- DeptSummaryFilterM -->
  <system-out/>
  <testcase classname="cfo.CFOcountInternal" name="Rejected_PieChartInternal" time="0.000">
    <skipped/>
  </testcase> <!-- Rejected_PieChartInternal -->
  <system-out/>
  <testcase classname="cfo.CFOcountInternal" name="BargraphBSECriticalStatutory" time="0.000">
    <skipped/>
  </testcase> <!-- BargraphBSECriticalStatutory -->
  <system-out/>
  <testcase classname="cfo.CFOcountInternal" name="BargraphBSEHighStatutory" time="0.000">
    <skipped/>
  </testcase> <!-- BargraphBSEHighStatutory -->
  <system-out/>
  <testcase classname="cfo.CFOcountInternal" name="BargraphBSEMediumStatutory" time="0.000">
    <skipped/>
  </testcase> <!-- BargraphBSEMediumStatutory -->
  <system-out/>
  <testcase classname="cfo.CFOcountInternal" name="BargraphBSELowStatutory" time="0.000">
    <skipped/>
  </testcase> <!-- BargraphBSELowStatutory -->
  <system-out/>
  <testcase classname="cfo.CFOcountInternal" name="RiskSummaryCriticalInternal" time="0.000">
    <skipped/>
  </testcase> <!-- RiskSummaryCriticalInternal -->
  <system-out/>
  <testcase classname="cfo.CFOcountInternal" name="RiskSummaryHighInternal" time="0.000">
    <skipped/>
  </testcase> <!-- RiskSummaryHighInternal -->
  <system-out/>
  <testcase classname="cfo.CFOcountInternal" name="RiskSummaryMediumStatutory" time="0.000">
    <skipped/>
  </testcase> <!-- RiskSummaryMediumStatutory -->
  <system-out/>
  <testcase classname="cfo.CFOcountInternal" name="RiskSummaryLowStatutory" time="0.000">
    <skipped/>
  </testcase> <!-- RiskSummaryLowStatutory -->
  <system-out/>
  <testcase classname="cfo.CFOcountInternal" name="DepartmentSummaryInternal" time="0.000">
    <skipped/>
  </testcase> <!-- DepartmentSummaryInternal -->
  <system-out/>
  <testcase classname="cfo.CFOcountInternal" name="ClosedTimely_PieChartPeriod" time="0.003">
    <skipped/>
  </testcase> <!-- ClosedTimely_PieChartPeriod -->
  <system-out/>
  <testcase classname="cfo.CFOcountInternal" name="ClosedDelayed_PieChartPeriod" time="0.000">
    <skipped/>
  </testcase> <!-- ClosedDelayed_PieChartPeriod -->
  <system-out/>
  <testcase classname="cfo.CFOcountInternal" name="NotCompleted_PieChartPeriod" time="0.000">
    <skipped/>
  </testcase> <!-- NotCompleted_PieChartPeriod -->
  <system-out/>
  <testcase classname="cfo.CFOcountInternal" name="NotApplicable_PieChartPeriod" time="0.000">
    <skipped/>
  </testcase> <!-- NotApplicable_PieChartPeriod -->
  <system-out/>
  <testcase classname="cfo.CFOcountInternal" name="Overdue_PieChartInternalPeriod" time="0.000">
    <skipped/>
  </testcase> <!-- Overdue_PieChartInternalPeriod -->
  <system-out/>
  <testcase classname="cfo.CFOcountInternal" name="dueToday_PieChartPeriod" time="0.000">
    <skipped/>
  </testcase> <!-- dueToday_PieChartPeriod -->
  <system-out/>
  <testcase classname="cfo.CFOcountInternal" name="PFR_PieChartInternalPeriod" time="0.000">
    <skipped/>
  </testcase> <!-- PFR_PieChartInternalPeriod -->
  <system-out/>
  <testcase classname="cfo.CFOcountInternal" name="InProgress_PieChartInternalPeriod" time="0.000">
    <skipped/>
  </testcase> <!-- InProgress_PieChartInternalPeriod -->
  <system-out/>
  <testcase classname="cfo.CFOcountInternal" name="Upcoming_PieChartPeriod" time="0.000">
    <skipped/>
  </testcase> <!-- Upcoming_PieChartPeriod -->
  <system-out/>
  <testcase classname="cfo.CFOcountInternal" name="GradingReportInternal" time="0.000">
    <skipped/>
  </testcase> <!-- GradingReportInternal -->
  <system-out/>
  <testcase classname="cfo.CFOcountInternal" name="Rejected_PieChartInternalPeriod" time="0.000">
    <skipped/>
  </testcase> <!-- Rejected_PieChartInternalPeriod -->
  <system-out/>
  <testcase classname="cfo.CFOcountInternal" name="complianceCalendar" time="0.000">
    <skipped/>
  </testcase> <!-- complianceCalendar -->
  <system-out/>
  <testcase classname="cfo.CFOcountInternal" name="DailyUpdates" time="0.000">
    <skipped/>
  </testcase> <!-- DailyUpdates -->
  <system-out/>
  <testcase classname="cfo.CFOcountInternal" name="NewsLetter" time="0.000">
    <skipped/>
  </testcase> <!-- NewsLetter -->
  <system-out/>
</testsuite> <!-- cfo.CFOcountInternal -->
